Arguments: 
  /Users/mpozzo/.nvm/versions/node/v8.15.0/bin/node /usr/local/Cellar/yarn/1.13.0/libexec/bin/yarn.js upgrade coc-post --latest --ignore-engines

PATH: 
  /Users/mpozzo/.rvm/gems/ruby-2.6.0/bin:/Users/mpozzo/.rvm/gems/ruby-2.6.0@global/bin:/Users/mpozzo/.rvm/rubies/ruby-2.6.0/bin:/Users/mpozzo/.sdkman/candidates/java/current/bin:/Users/mpozzo/.sdkman/candidates/groovy/current/bin:/Users/mpozzo/.sdkman/candidates/grails/current/bin:/Users/mpozzo/.nvm/versions/node/v8.15.0/bin:/usr/local/bin:/usr/bin:/bin:/usr/sbin:/sbin:/usr/local/opt/fzf/bin:/Users/mpozzo/.rvm/bin:/usr/local/mysql/bin/

Yarn version: 
  1.13.0

Node version: 
  8.15.0

Platform: 
  darwin x64

Trace: 
  Error: EACCES: permission denied, unlink '/Users/mpozzo/dotfiles/nvim/.config/coc/extensions/node_modules/coc-post/node_modules/vscode-jsonrpc/License.txt'

npm manifest: 
  {
    "dependencies": {
      "coc-css": "^1.2.2",
      "coc-emmet": "^1.1.3",
      "coc-html": "^1.2.1",
      "coc-json": "^1.0.17",
      "coc-post": "^0.0.5",
      "coc-python": "^1.2.0",
      "coc-snippets": "^2.1.11",
      "coc-tsserver": "^1.2.4"
    }
  }

yarn manifest: 
  No manifest

Lockfile: 
  # THIS IS AN AUTOGENERATED FILE. DO NOT EDIT THIS FILE DIRECTLY.
  # yarn lockfile v1
  
  
  "@emmetio/extract-abbreviation@0.1.6":
    version "0.1.6"
    resolved "https://registry.yarnpkg.com/@emmetio/extract-abbreviation/-/extract-abbreviation-0.1.6.tgz#e4a9856c1057f0aff7d443b8536477c243abe28c"
    integrity sha512-Ce3xE2JvTSEbASFbRbA1gAIcMcZWdS2yUYRaQbeM0nbOzaZrUYfa3ePtcriYRZOZmr+CkKA+zbjhvTpIOAYVcw==
  
  agent-base@4, agent-base@^4.1.0:
    version "4.2.1"
    resolved "https://registry.yarnpkg.com/agent-base/-/agent-base-4.2.1.tgz#d89e5999f797875674c07d87f260fc41e83e8ca9"
    integrity sha512-JVwXMr9nHYTUXsBFKUqhJwvlcYU/blreOEUkhNR2eXZIvwd+c+o5V4MgDPKWnMS/56awN3TRzIP+KoPn+roQtg==
    dependencies:
      es6-promisify "^5.0.0"
  
  coc-css@^1.2.2:
    version "1.2.2"
    resolved "https://registry.yarnpkg.com/coc-css/-/coc-css-1.2.2.tgz#9b62ac96a9db8c687396ab4648c0c67dc3897a2f"
    integrity sha512-JvZnKZZJZemS70o972OEjfnMGGO2sLpJA3iX1OT3CXmaymPb8CmufboyCVnzGMDMbFL/qHgfjbdw9kOg5ZtzzQ==
  
  coc-emmet@^1.1.3:
    version "1.1.3"
    resolved "https://registry.yarnpkg.com/coc-emmet/-/coc-emmet-1.1.3.tgz#135a6a527a25fcf44432a983220e2de3f880cfe0"
    integrity sha512-FTWuUqxH0NEEHgTLSl4XiggB437nrfjnsqF2SaepAL6xnNfYxSLWkp2Npm+hEwjgu8hcIb2csaeIURWrUGuu5Q==
    dependencies:
      vscode-emmet-helper "^1.2.15"
  
  coc-html@^1.2.1:
    version "1.2.1"
    resolved "https://registry.yarnpkg.com/coc-html/-/coc-html-1.2.1.tgz#5df000feddcc304f57932bdb561ad61f773ddfeb"
    integrity sha512-3CAdlJnPnm03qS4/I+eMM16OI3go2v6qtCOirO20GtH+cRt08GjF0Cp6y/EnhfoQOdggNw3xoTfZtfY7loLG5w==
    dependencies:
      typescript "^3"
  
  coc-json@^1.0.17:
    version "1.0.17"
    resolved "https://registry.yarnpkg.com/coc-json/-/coc-json-1.0.17.tgz#f6466c12914c617d79f804c7139c6021b2ba6b44"
    integrity sha512-fn8P2rCmwObfWKcVKuZGiCsk8J9g4w00RO2lS5oMClmPAoUd4VmtdkzWk4aZkMvwy7saiYwf+D/PnUWSy+wOIw==
    dependencies:
      find-up "^3.0.0"
      request-light "^0.2.4"
      tslib "^1.9.3"
      vscode-json-languageservice "^3.3.0-next.7"
      vscode-languageserver "^5.3.0-next.6"
      vscode-uri "^1.0.6"
  
  coc-post@^0.0.5:
    version "0.0.5"
    resolved "https://registry.yarnpkg.com/coc-post/-/coc-post-0.0.5.tgz#b539d46ae29cfbb1f0918d58ae248b125465bf7b"
    integrity sha512-8nFKA9YvE0OLe6OKi6nWHAzhZm1CZIWwDM4J/s2xe1zCBSK2fm9ei1DZI4ams60eY8AtMeQEP0eUZKtywiJflw==
    dependencies:
      node-fetch "^2.6.0"
      vscode-languageserver-protocol "^3.14.1"
  
  coc-python@^1.2.0:
    version "1.2.0"
    resolved "https://registry.yarnpkg.com/coc-python/-/coc-python-1.2.0.tgz#daff42aafe1653f53cc789fbaa71ed45c265ea87"
    integrity sha512-JifM6+ovmcBwp95eRm9GlMsosyc0f6prMvEzJ7yIn33O1mTcbgkP0xC9dhD1fwP7jLv4BnJsqkhwC9xVA0Jwkg==
  
  coc-snippets@^2.1.11:
    version "2.1.11"
    resolved "https://registry.yarnpkg.com/coc-snippets/-/coc-snippets-2.1.11.tgz#97813f52478bb05e520cf31690b65737202fdcd9"
    integrity sha512-TIbB4miHDzQ+b/mg+3VG20wBTf9WjjuhAZ9NSchD65nfdbz+2Y/PfDEcOCWyglfZN91ogVhcncDbuFp12I8bKA==
  
  coc-tsserver@^1.2.4:
    version "1.2.4"
    resolved "https://registry.yarnpkg.com/coc-tsserver/-/coc-tsserver-1.2.4.tgz#35a9f298e695efa7398f631d05cc01e65feb4e08"
    integrity sha512-KesMMH/D5dWJehNFAniKuQW9JcQ26e1QclZ3vPiNyLu4BtgJEeJWcjHcIix5IHkEY5tc9KLIXmTrtlBEPOivWg==
    dependencies:
      fast-diff "^1.2.0"
      find-up "^3.0.0"
      semver "^6.0.0"
      tslib "^1.9.3"
      typescript "3.3.4000"
      vscode-languageserver-protocol "^3.15.0-next.1"
      vscode-uri "^1.0.6"
      which "^1.3.1"
  
  debug@3.1.0:
    version "3.1.0"
    resolved "https://registry.yarnpkg.com/debug/-/debug-3.1.0.tgz#5bb5a0672628b64149566ba16819e61518c67261"
    integrity sha512-OX8XqP7/1a9cqkxYw2yXss15f26NKWBpDXQd0/uK/KPqdQhxbPa994hnzjcE2VqQpDslf55723cKPUOGSmMY3g==
    dependencies:
      ms "2.0.0"
  
  debug@^3.1.0:
    version "3.2.6"
    resolved "https://registry.yarnpkg.com/debug/-/debug-3.2.6.tgz#e83d17de16d8a7efb7717edbe5fb10135eee629b"
    integrity sha512-mel+jf7nrtEl5Pn1Qx46zARXKDpBbvzezse7p7LqINmdoIk8PYP5SySaxEmYv6TZ0JyEKA1hsCId6DIhgITtWQ==
    dependencies:
      ms "^2.1.1"
  
  es6-promise@^4.0.3:
    version "4.2.6"
    resolved "https://registry.yarnpkg.com/es6-promise/-/es6-promise-4.2.6.tgz#b685edd8258886365ea62b57d30de28fadcd974f"
    integrity sha512-aRVgGdnmW2OiySVPUC9e6m+plolMAJKjZnQlCwNSuK5yQ0JN61DZSO1X1Ufd1foqWRAlig0rhduTCHe7sVtK5Q==
  
  es6-promisify@^5.0.0:
    version "5.0.0"
    resolved "https://registry.yarnpkg.com/es6-promisify/-/es6-promisify-5.0.0.tgz#5109d62f3e56ea967c4b63505aef08291c8a5203"
    integrity sha1-UQnWLz5W6pZ8S2NQWu8IKRyKUgM=
    dependencies:
      es6-promise "^4.0.3"
  
  fast-diff@^1.2.0:
    version "1.2.0"
    resolved "https://registry.yarnpkg.com/fast-diff/-/fast-diff-1.2.0.tgz#73ee11982d86caaf7959828d519cfe927fac5f03"
    integrity sha512-xJuoT5+L99XlZ8twedaRf6Ax2TgQVxvgZOYoPKqZufmJib0tL2tegPBOZb1pVNgIhlqDlA0eO0c3wBvQcmzx4w==
  
  find-up@^3.0.0:
    version "3.0.0"
    resolved "https://registry.yarnpkg.com/find-up/-/find-up-3.0.0.tgz#49169f1d7993430646da61ecc5ae355c21c97b73"
    integrity sha512-1yD6RmLI1XBfxugvORwlck6f75tYL+iR0jqwsOrOxMZyGYqUuDhJ0l4AXdO1iX/FTs9cBAMEk1gWSEx1kSbylg==
    dependencies:
      locate-path "^3.0.0"
  
  http-proxy-agent@^2.1.0:
    version "2.1.0"
    resolved "https://registry.yarnpkg.com/http-proxy-agent/-/http-proxy-agent-2.1.0.tgz#e4821beef5b2142a2026bd73926fe537631c5405"
    integrity sha512-qwHbBLV7WviBl0rQsOzH6o5lwyOIvwp/BdFnvVxXORldu5TmjFfjzBcWUWS5kWAZhmv+JtiDhSuQCp4sBfbIgg==
    dependencies:
      agent-base "4"
      debug "3.1.0"
  
  https-proxy-agent@^2.2.1:
    version "2.2.1"
    resolved "https://registry.yarnpkg.com/https-proxy-agent/-/https-proxy-agent-2.2.1.tgz#51552970fa04d723e04c56d04178c3f92592bbc0"
    integrity sha512-HPCTS1LW51bcyMYbxUIOO4HEOlQ1/1qRaFWcyxvwaqUS9TY88aoEuHUY33kuAh1YhVVaDQhLZsnPd+XNARWZlQ==
    dependencies:
      agent-base "^4.1.0"
      debug "^3.1.0"
  
  isexe@^2.0.0:
    version "2.0.0"
    resolved "https://registry.yarnpkg.com/isexe/-/isexe-2.0.0.tgz#e8fbf374dc556ff8947a10dcb0572d633f2cfa10"
    integrity sha1-6PvzdNxVb/iUehDcsFctYz8s+hA=
  
  jsonc-parser@^1.0.0:
    version "1.0.3"
    resolved "https://registry.yarnpkg.com/jsonc-parser/-/jsonc-parser-1.0.3.tgz#1d53d7160e401a783dbceabaad82473f80e6ad7e"
    integrity sha512-hk/69oAeaIzchq/v3lS50PXuzn5O2ynldopMC+SWBql7J2WtdptfB9dy8Y7+Og5rPkTCpn83zTiO8FMcqlXJ/g==
  
  jsonc-parser@^2.0.3:
    version "2.1.0"
    resolved "https://registry.yarnpkg.com/jsonc-parser/-/jsonc-parser-2.1.0.tgz#eb0d0c7a3c33048524ce3574c57c7278fb2f1bf3"
    integrity sha512-n9GrT8rrr2fhvBbANa1g+xFmgGK5X91KFeDwlKQ3+SJfmH5+tKv/M/kahx/TXOMflfWHKGKqKyfHQaLKTNzJ6w==
  
  locate-path@^3.0.0:
    version "3.0.0"
    resolved "https://registry.yarnpkg.com/locate-path/-/locate-path-3.0.0.tgz#dbec3b3ab759758071b58fe59fc41871af21400e"
    integrity sha512-7AO748wWnIhNqAuaty2ZWHkQHRSNfPVIsPIfwEOWO22AmaoVrWavlOcMR5nzTLNYvp36X220/maaRsrec1G65A==
    dependencies:
      p-locate "^3.0.0"
      path-exists "^3.0.0"
  
  ms@2.0.0:
    version "2.0.0"
    resolved "https://registry.yarnpkg.com/ms/-/ms-2.0.0.tgz#5608aeadfc00be6c2901df5f9861788de0d597c8"
    integrity sha1-VgiurfwAvmwpAd9fmGF4jeDVl8g=
  
  ms@^2.1.1:
    version "2.1.1"
    resolved "https://registry.yarnpkg.com/ms/-/ms-2.1.1.tgz#30a5864eb3ebb0a66f2ebe6d727af06a09d86e0a"
    integrity sha512-tgp+dl5cGk28utYktBsrFqA7HKgrhgPsg6Z/EfhWI4gl1Hwq8B/GmY/0oXZ6nF8hDVesS/FpnYaD/kOWhYQvyg==
  
  node-fetch@^2.6.0:
    version "2.6.0"
    resolved "https://registry.yarnpkg.com/node-fetch/-/node-fetch-2.6.0.tgz#e633456386d4aa55863f676a7ab0daa8fdecb0fd"
    integrity sha512-8dG4H5ujfvFiqDmVu9fQ5bOHUC15JMjMY/Zumv26oOvvVJjM67KF8koCWIabKQ1GJIa9r2mMZscBq/TbdOcmNA==
  
  p-limit@^2.0.0:
    version "2.2.0"
    resolved "https://registry.yarnpkg.com/p-limit/-/p-limit-2.2.0.tgz#417c9941e6027a9abcba5092dd2904e255b5fbc2"
    integrity sha512-pZbTJpoUsCzV48Mc9Nh51VbwO0X9cuPFE8gYwx9BTCt9SF8/b7Zljd2fVgOxhIF/HDTKgpVzs+GPhyKfjLLFRQ==
    dependencies:
      p-try "^2.0.0"
  
  p-locate@^3.0.0:
    version "3.0.0"
    resolved "https://registry.yarnpkg.com/p-locate/-/p-locate-3.0.0.tgz#322d69a05c0264b25997d9f40cd8a891ab0064a4"
    integrity sha512-x+12w/To+4GFfgJhBEpiDcLozRJGegY+Ei7/z0tSLkMmxGZNybVMSfWj9aJn8Z5Fc7dBUNJOOVgPv2H7IwulSQ==
    dependencies:
      p-limit "^2.0.0"
  
  p-try@^2.0.0:
    version "2.2.0"
    resolved "https://registry.yarnpkg.com/p-try/-/p-try-2.2.0.tgz#cb2868540e313d61de58fafbe35ce9004d5540e6"
    integrity sha512-R4nPAVTAU0B9D35/Gk3uJf/7XYbQcyohSKdvAxIRSNghFl4e71hVoGnBNQz9cWaXxO2I10KTC+3jMdvvoKw6dQ==
  
  path-exists@^3.0.0:
    version "3.0.0"
    resolved "https://registry.yarnpkg.com/path-exists/-/path-exists-3.0.0.tgz#ce0ebeaa5f78cb18925ea7d810d7b59b010fd515"
    integrity sha1-zg6+ql94yxiSXqfYENe1mwEP1RU=
  
  request-light@^0.2.4:
    version "0.2.4"
    resolved "https://registry.yarnpkg.com/request-light/-/request-light-0.2.4.tgz#3cea29c126682e6bcadf7915353322eeba01a755"
    integrity sha512-pM9Fq5jRnSb+82V7M97rp8FE9/YNeP2L9eckB4Szd7lyeclSIx02aIpPO/6e4m6Dy31+FBN/zkFMTd2HkNO3ow==
    dependencies:
      http-proxy-agent "^2.1.0"
      https-proxy-agent "^2.2.1"
      vscode-nls "^4.0.0"
  
  semver@^6.0.0:
    version "6.1.1"
    resolved "https://registry.yarnpkg.com/semver/-/semver-6.1.1.tgz#53f53da9b30b2103cd4f15eab3a18ecbcb210c9b"
    integrity sha512-rWYq2e5iYW+fFe/oPPtYJxYgjBm8sC4rmoGdUOgBB7VnwKt6HrL793l2voH1UlsyYZpJ4g0wfjnTEO1s1NP2eQ==
  
  tslib@^1.9.3:
    version "1.9.3"
    resolved "https://registry.yarnpkg.com/tslib/-/tslib-1.9.3.tgz#d7e4dd79245d85428c4d7e4822a79917954ca286"
    integrity sha512-4krF8scpejhaOgqzBEcGM7yDIEfi0/8+8zDRZhNZZ2kjmHJ4hv3zCbQWxoJGz1iw5U0Jl0nma13xzHXcncMavQ==
  
  typescript@3.3.4000:
    version "3.3.4000"
    resolved "https://registry.yarnpkg.com/typescript/-/typescript-3.3.4000.tgz#76b0f89cfdbf97827e1112d64f283f1151d6adf0"
    integrity sha512-jjOcCZvpkl2+z7JFn0yBOoLQyLoIkNZAs/fYJkUG6VKy6zLPHJGfQJYFHzibB6GJaF/8QrcECtlQ5cpvRHSMEA==
  
  typescript@^3:
    version "3.5.2"
    resolved "https://registry.yarnpkg.com/typescript/-/typescript-3.5.2.tgz#a09e1dc69bc9551cadf17dba10ee42cf55e5d56c"
    integrity sha512-7KxJovlYhTX5RaRbUdkAXN1KUZ8PwWlTzQdHV6xNqvuFOs7+WBo10TQUqT19Q/Jz2hk5v9TQDIhyLhhJY4p5AA==
  
  vscode-emmet-helper@^1.2.15:
    version "1.2.15"
    resolved "https://registry.yarnpkg.com/vscode-emmet-helper/-/vscode-emmet-helper-1.2.15.tgz#62dbfbf49bb9ebe329cb7bffdda5aaac725eea7a"
    integrity sha512-JplvmMMWSvm/6/dZezix2ADPM49u6YahPYjs/QToohUpomW/2Eb27ecCrkCyOGBPfKLKGiOPHCssss8TSDA9ag==
    dependencies:
      "@emmetio/extract-abbreviation" "0.1.6"
      jsonc-parser "^1.0.0"
      vscode-languageserver-types "^3.6.0-next.1"
  
  vscode-json-languageservice@^3.3.0-next.7:
    version "3.3.0-next.7"
    resolved "https://registry.yarnpkg.com/vscode-json-languageservice/-/vscode-json-languageservice-3.3.0-next.7.tgz#3ad4bf31f37fa110676b2c0db69b5f4810bdd4b9"
    integrity sha512-uKXnzoZrqNOPRa+FmUdoCpNU5KCLhy7yDGCAzzfn0mocsEllPcspjHcBDu9HJCfT165UkhulZ2gl5vVX5NzBVA==
    dependencies:
      jsonc-parser "^2.0.3"
      vscode-languageserver-types "^3.14.0"
      vscode-nls "^4.0.0"
      vscode-uri "^1.0.6"
  
  vscode-jsonrpc@^4.0.0:
    version "4.0.0"
    resolved "https://registry.yarnpkg.com/vscode-jsonrpc/-/vscode-jsonrpc-4.0.0.tgz#a7bf74ef3254d0a0c272fab15c82128e378b3be9"
    integrity sha512-perEnXQdQOJMTDFNv+UF3h1Y0z4iSiaN9jIlb0OqIYgosPCZGYh/MCUlkFtV2668PL69lRDO32hmvL2yiidUYg==
  
  vscode-jsonrpc@^4.1.0-next.2:
    version "4.1.0-next.2"
    resolved "https://registry.yarnpkg.com/vscode-jsonrpc/-/vscode-jsonrpc-4.1.0-next.2.tgz#3bd318910a48e631742b290975386e3dae685be3"
    integrity sha512-GsBLjP9DxQ42yl1mW9GEIlnSc0+R8mfzhaebwmmTPEJjezD5SPoAo3DFrIAFZha9yvQ1nzZfZlhtVpGQmgxtXg==
  
  vscode-languageserver-protocol@3.15.0-next.5, vscode-languageserver-protocol@^3.15.0-next.1:
    version "3.15.0-next.5"
    resolved "https://registry.yarnpkg.com/vscode-languageserver-protocol/-/vscode-languageserver-protocol-3.15.0-next.5.tgz#23afad3d28795f2235eda7a167e2fe0825b7c151"
    integrity sha512-rR7Zo5WZTGSsE9lq7pPSgO+VMhVV8UVq6emrDoQ3x5dUyhLKB2/gbMkGKucQpsKGLtF/NuccCa+3jMsO788HjQ==
    dependencies:
      vscode-jsonrpc "^4.1.0-next.2"
      vscode-languageserver-types "3.15.0-next.1"
  
  vscode-languageserver-protocol@^3.14.1:
    version "3.14.1"
    resolved "https://registry.yarnpkg.com/vscode-languageserver-protocol/-/vscode-languageserver-protocol-3.14.1.tgz#b8aab6afae2849c84a8983d39a1cf742417afe2f"
    integrity sha512-IL66BLb2g20uIKog5Y2dQ0IiigW0XKrvmWiOvc0yXw80z3tMEzEnHjaGAb3ENuU7MnQqgnYJ1Cl2l9RvNgDi4g==
    dependencies:
      vscode-jsonrpc "^4.0.0"
      vscode-languageserver-types "3.14.0"
  
  vscode-languageserver-types@3.14.0, vscode-languageserver-types@^3.14.0, vscode-languageserver-types@^3.6.0-next.1:
    version "3.14.0"
    resolved "https://registry.yarnpkg.com/vscode-languageserver-types/-/vscode-languageserver-types-3.14.0.tgz#d3b5952246d30e5241592b6dde8280e03942e743"
    integrity sha512-lTmS6AlAlMHOvPQemVwo3CezxBp0sNB95KNPkqp3Nxd5VFEnuG1ByM0zlRWos0zjO3ZWtkvhal0COgiV1xIA4A==
  
  vscode-languageserver-types@3.15.0-next.1:
    version "3.15.0-next.1"
    resolved "https://registry.yarnpkg.com/vscode-languageserver-types/-/vscode-languageserver-types-3.15.0-next.1.tgz#eddca4cf2a2547357006d4f0cc177ddc56043b65"
    integrity sha512-R0kzmaI8gOGEoU7b9huYQAzgZzRQ/5Q8HKjsIUdfz0MjXcBZ4tr1ik1So1p1O5kGrI1VTCd22Fw/wI7ECGoIPw==
  
  vscode-languageserver@^5.3.0-next.6:
    version "5.3.0-next.6"
    resolved "https://registry.yarnpkg.com/vscode-languageserver/-/vscode-languageserver-5.3.0-next.6.tgz#33befcc3af7d615e1bdcd6ce5ffd017861df5f60"
    integrity sha512-7DtEBFc0bkcIaKhhx5Q4ZvIkJ1PAtX0pqTnI6QyA14yLL1TfqSSoNRczamb9khpGbLyN5oje7kBJD1kiOvsM+Q==
    dependencies:
      vscode-languageserver-protocol "3.15.0-next.5"
      vscode-uri "^1.0.6"
  
  vscode-nls@^4.0.0:
    version "4.1.1"
    resolved "https://registry.yarnpkg.com/vscode-nls/-/vscode-nls-4.1.1.tgz#f9916b64e4947b20322defb1e676a495861f133c"
    integrity sha512-4R+2UoUUU/LdnMnFjePxfLqNhBS8lrAFyX7pjb2ud/lqDkrUavFUTcG7wR0HBZFakae0Q6KLBFjMS6W93F403A==
  
  vscode-uri@^1.0.6:
    version "1.0.8"
    resolved "https://registry.yarnpkg.com/vscode-uri/-/vscode-uri-1.0.8.tgz#9769aaececae4026fb6e22359cb38946580ded59"
    integrity sha512-obtSWTlbJ+a+TFRYGaUumtVwb+InIUVI0Lu0VBUAPmj2cU5JutEXg3xUE0c2J5Tcy7h2DEKVJBFi+Y9ZSFzzPQ==
  
  which@^1.3.1:
    version "1.3.1"
    resolved "https://registry.yarnpkg.com/which/-/which-1.3.1.tgz#a45043d54f5805316da8d62f9f50918d3da70b0a"
    integrity sha512-HxJdYWq1MTIQbJ3nw0cqssHoTNU267KlrDuGZ1WYlxDStUtKUhOaJmh112/TZmHxxUfuJqPXSOm7tDyas0OSIQ==
    dependencies:
      isexe "^2.0.0"
